<?xml version="1.0" encoding="UTF-8"?>
<testng-results ignored="0" total="1" passed="1" failed="0" skipped="0">
  <reporter-output>
  </reporter-output>
  <suite started-at="2022-10-29T08:23:19 AST" name="Default suite" finished-at="2022-10-29T08:23:19 AST" duration-ms="70">
    <groups>
    </groups>
    <test started-at="2022-10-29T08:23:19 AST" name="Default test" finished-at="2022-10-29T08:23:19 AST" duration-ms="70">
      <class name="Main.All_Tests">
        <test-method signature="Mail_Notifications()[pri:0, instance:Main.All_Tests@3c72f59f]" started-at="2022-10-29T08:23:19 AST" name="Mail_Notifications" finished-at="2022-10-29T08:23:19 AST" duration-ms="18" status="PASS">
          <reporter-output>
          </reporter-output>
        </test-method> <!-- Mail_Notifications -->
      </class> <!-- Main.All_Tests -->
    </test> <!-- Default test -->
  </suite> <!-- Default suite -->
</testng-results>
